MPJ Express (0.44) is started in the multicore configuration
Size is 1 Rank is 0
Exception when processing the data, the data is  [
Exception when processing the data, the data is  ]
Rank 0: The total time of bcast info is 216837 ms
Rank 0: The total time of gathering results is 216837 ms
Rank 0: 	#10	(C2):	 139288
Rank 0: 	#6	(B2):	 78629
Rank 0: 	#11	(C3):	 52745
Rank 0: 	#7	(B3):	 26193
Rank 0: 	#12	(C4):	 19447
Rank 0: 	#5	(B1):	 16379
Rank 0: 	#15	(D4):	 14540
Rank 0: 	#14	(D3):	 13295
Rank 0: 	#9	(C1):	 8373
Rank 0: 	#8	(B4):	 5444
Rank 0: 	#3	(A3):	 5021
Rank 0: 	#2	(A2):	 4142
Rank 0: 	#13	(C5):	 4025
Rank 0: 	#16	(D5):	 3153
Rank 0: 	#1	(A1):	 2546
Rank 0: 	#4	(A4):	 308
++++++++++++++++++++++++++++++++++++++++++
Rank 0: Col- :2  : 222059
Rank 0: Col- :3  : 97254
Rank 0: Col- :4  : 39739
Rank 0: Col- :1  : 27298
Rank 0: Col- :5  : 7178
++++++++++++++++++++++++++++++++++++++++++
Rank 0: Rows :C  : 617406
Rank 0: Rows :B  : 520173
Rank 0: Rows :D  : 424516
Rank 0: Rows :A  : 405545
++++++++++++++++++++++++++++++++++++++++++
Rank 0: The total time of execution is 216846 ms
++++++++++++++++++++++++++++++++++++++++++
